<?xml version="1.0" encoding="utf-8"?>
<testsuites>
<testsuite package="org.eslint" time="0" tests="1" errors="0" name="/home/rrg/Documents/webpoint/matter-surfaces-landing-pages/config/typography.js">
<testcase time="0" name="/home/rrg/Documents/webpoint/matter-surfaces-landing-pages/config/typography.js" classname="/home/rrg/Documents/webpoint/matter-surfaces-landing-pages/config/typography" />
</testsuite>
<testsuite package="org.eslint" time="0" tests="1" errors="0" name="/home/rrg/Documents/webpoint/matter-surfaces-landing-pages/config/website.js">
<testcase time="0" name="/home/rrg/Documents/webpoint/matter-surfaces-landing-pages/config/website.js" classname="/home/rrg/Documents/webpoint/matter-surfaces-landing-pages/config/website" />
</testsuite>
<testsuite package="org.eslint" time="0" tests="1" errors="0" name="/home/rrg/Documents/webpoint/matter-surfaces-landing-pages/cypress/e2e/category.js">
<testcase time="0" name="/home/rrg/Documents/webpoint/matter-surfaces-landing-pages/cypress/e2e/category.js" classname="/home/rrg/Documents/webpoint/matter-surfaces-landing-pages/cypress/e2e/category" />
</testsuite>
<testsuite package="org.eslint" time="0" tests="1" errors="0" name="/home/rrg/Documents/webpoint/matter-surfaces-landing-pages/cypress/e2e/home.js">
<testcase time="0" name="/home/rrg/Documents/webpoint/matter-surfaces-landing-pages/cypress/e2e/home.js" classname="/home/rrg/Documents/webpoint/matter-surfaces-landing-pages/cypress/e2e/home" />
</testsuite>
<testsuite package="org.eslint" time="0" tests="1" errors="0" name="/home/rrg/Documents/webpoint/matter-surfaces-landing-pages/cypress/e2e/post.js">
<testcase time="0" name="/home/rrg/Documents/webpoint/matter-surfaces-landing-pages/cypress/e2e/post.js" classname="/home/rrg/Documents/webpoint/matter-surfaces-landing-pages/cypress/e2e/post" />
</testsuite>
<testsuite package="org.eslint" time="0" tests="1" errors="0" name="/home/rrg/Documents/webpoint/matter-surfaces-landing-pages/cypress/plugins/index.js">
<testcase time="0" name="/home/rrg/Documents/webpoint/matter-surfaces-landing-pages/cypress/plugins/index.js" classname="/home/rrg/Documents/webpoint/matter-surfaces-landing-pages/cypress/plugins/index" />
</testsuite>
<testsuite package="org.eslint" time="0" tests="1" errors="0" name="/home/rrg/Documents/webpoint/matter-surfaces-landing-pages/cypress/support/commands.js">
<testcase time="0" name="/home/rrg/Documents/webpoint/matter-surfaces-landing-pages/cypress/support/commands.js" classname="/home/rrg/Documents/webpoint/matter-surfaces-landing-pages/cypress/support/commands" />
</testsuite>
<testsuite package="org.eslint" time="0" tests="1" errors="0" name="/home/rrg/Documents/webpoint/matter-surfaces-landing-pages/cypress/support/index.js">
<testcase time="0" name="/home/rrg/Documents/webpoint/matter-surfaces-landing-pages/cypress/support/index.js" classname="/home/rrg/Documents/webpoint/matter-surfaces-landing-pages/cypress/support/index" />
</testsuite>
<testsuite package="org.eslint" time="0" tests="1" errors="1" name="/home/rrg/Documents/webpoint/matter-surfaces-landing-pages/gatsby-browser.js">
<testcase time="0" name="org.eslint.import/no-unresolved" classname="/home/rrg/Documents/webpoint/matter-surfaces-landing-pages/gatsby-browser"><failure message="Unable to resolve path to module &apos;./src/styles/global.css&apos;."><![CDATA[line 3, col 8, Error - Unable to resolve path to module &apos;./src/styles/global.css&apos;. (import/no-unresolved)]]></failure></testcase>
</testsuite>
<testsuite package="org.eslint" time="0" tests="1" errors="0" name="/home/rrg/Documents/webpoint/matter-surfaces-landing-pages/gatsby-config.js">
<testcase time="0" name="/home/rrg/Documents/webpoint/matter-surfaces-landing-pages/gatsby-config.js" classname="/home/rrg/Documents/webpoint/matter-surfaces-landing-pages/gatsby-config" />
</testsuite>
<testsuite package="org.eslint" time="0" tests="1" errors="0" name="/home/rrg/Documents/webpoint/matter-surfaces-landing-pages/gatsby-node.js">
<testcase time="0" name="/home/rrg/Documents/webpoint/matter-surfaces-landing-pages/gatsby-node.js" classname="/home/rrg/Documents/webpoint/matter-surfaces-landing-pages/gatsby-node" />
</testsuite>
<testsuite package="org.eslint" time="0" tests="1" errors="0" name="/home/rrg/Documents/webpoint/matter-surfaces-landing-pages/src/components/Footer.jsx">
<testcase time="0" name="/home/rrg/Documents/webpoint/matter-surfaces-landing-pages/src/components/Footer.jsx" classname="/home/rrg/Documents/webpoint/matter-surfaces-landing-pages/src/components/Footer" />
</testsuite>
<testsuite package="org.eslint" time="0" tests="1" errors="0" name="/home/rrg/Documents/webpoint/matter-surfaces-landing-pages/src/components/Header.jsx">
<testcase time="0" name="/home/rrg/Documents/webpoint/matter-surfaces-landing-pages/src/components/Header.jsx" classname="/home/rrg/Documents/webpoint/matter-surfaces-landing-pages/src/components/Header" />
</testsuite>
<testsuite package="org.eslint" time="0" tests="1" errors="0" name="/home/rrg/Documents/webpoint/matter-surfaces-landing-pages/src/components/Layout.jsx">
<testcase time="0" name="/home/rrg/Documents/webpoint/matter-surfaces-landing-pages/src/components/Layout.jsx" classname="/home/rrg/Documents/webpoint/matter-surfaces-landing-pages/src/components/Layout" />
</testsuite>
<testsuite package="org.eslint" time="0" tests="1" errors="0" name="/home/rrg/Documents/webpoint/matter-surfaces-landing-pages/src/components/SEO/Facebook.jsx">
<testcase time="0" name="/home/rrg/Documents/webpoint/matter-surfaces-landing-pages/src/components/SEO/Facebook.jsx" classname="/home/rrg/Documents/webpoint/matter-surfaces-landing-pages/src/components/SEO/Facebook" />
</testsuite>
<testsuite package="org.eslint" time="0" tests="2" errors="2" name="/home/rrg/Documents/webpoint/matter-surfaces-landing-pages/src/components/SEO/SEO.jsx">
<testcase time="0" name="org.eslint.no-unused-vars" classname="/home/rrg/Documents/webpoint/matter-surfaces-landing-pages/src/components/SEO/SEO"><failure message="&apos;schemaOrgWebPage&apos; is assigned a value but never used."><![CDATA[line 40, col 9, Warning - &apos;schemaOrgWebPage&apos; is assigned a value but never used. (no-unused-vars)]]></failure></testcase>
<testcase time="0" name="org.eslint.no-unused-vars" classname="/home/rrg/Documents/webpoint/matter-surfaces-landing-pages/src/components/SEO/SEO"><failure message="&apos;schemaArticle&apos; is assigned a value but never used."><![CDATA[line 87, col 7, Warning - &apos;schemaArticle&apos; is assigned a value but never used. (no-unused-vars)]]></failure></testcase>
</testsuite>
<testsuite package="org.eslint" time="0" tests="1" errors="0" name="/home/rrg/Documents/webpoint/matter-surfaces-landing-pages/src/components/SEO/Twitter.jsx">
<testcase time="0" name="/home/rrg/Documents/webpoint/matter-surfaces-landing-pages/src/components/SEO/Twitter.jsx" classname="/home/rrg/Documents/webpoint/matter-surfaces-landing-pages/src/components/SEO/Twitter" />
</testsuite>
<testsuite package="org.eslint" time="0" tests="1" errors="0" name="/home/rrg/Documents/webpoint/matter-surfaces-landing-pages/src/components/SEO/index.js">
<testcase time="0" name="/home/rrg/Documents/webpoint/matter-surfaces-landing-pages/src/components/SEO/index.js" classname="/home/rrg/Documents/webpoint/matter-surfaces-landing-pages/src/components/SEO/index" />
</testsuite>
<testsuite package="org.eslint" time="0" tests="1" errors="0" name="/home/rrg/Documents/webpoint/matter-surfaces-landing-pages/src/components/SkipNavLink.jsx">
<testcase time="0" name="/home/rrg/Documents/webpoint/matter-surfaces-landing-pages/src/components/SkipNavLink.jsx" classname="/home/rrg/Documents/webpoint/matter-surfaces-landing-pages/src/components/SkipNavLink" />
</testsuite>
<testsuite package="org.eslint" time="0" tests="1" errors="0" name="/home/rrg/Documents/webpoint/matter-surfaces-landing-pages/src/components/SliceZone.jsx">
<testcase time="0" name="/home/rrg/Documents/webpoint/matter-surfaces-landing-pages/src/components/SliceZone.jsx" classname="/home/rrg/Documents/webpoint/matter-surfaces-landing-pages/src/components/SliceZone" />
</testsuite>
<testsuite package="org.eslint" time="0" tests="1" errors="0" name="/home/rrg/Documents/webpoint/matter-surfaces-landing-pages/src/components/Title.jsx">
<testcase time="0" name="/home/rrg/Documents/webpoint/matter-surfaces-landing-pages/src/components/Title.jsx" classname="/home/rrg/Documents/webpoint/matter-surfaces-landing-pages/src/components/Title" />
</testsuite>
<testsuite package="org.eslint" time="0" tests="1" errors="0" name="/home/rrg/Documents/webpoint/matter-surfaces-landing-pages/src/components/Wrapper.jsx">
<testcase time="0" name="/home/rrg/Documents/webpoint/matter-surfaces-landing-pages/src/components/Wrapper.jsx" classname="/home/rrg/Documents/webpoint/matter-surfaces-landing-pages/src/components/Wrapper" />
</testsuite>
<testsuite package="org.eslint" time="0" tests="1" errors="1" name="/home/rrg/Documents/webpoint/matter-surfaces-landing-pages/src/components/index.js">
<testcase time="0" name="org.eslint.import/no-unresolved" classname="/home/rrg/Documents/webpoint/matter-surfaces-landing-pages/src/components/index"><failure message="Unable to resolve path to module &apos;./Listing&apos;."><![CDATA[line 1, col 21, Error - Unable to resolve path to module &apos;./Listing&apos;. (import/no-unresolved)]]></failure></testcase>
</testsuite>
<testsuite package="org.eslint" time="0" tests="1" errors="0" name="/home/rrg/Documents/webpoint/matter-surfaces-landing-pages/src/gatsby/htmlSerializer.js">
<testcase time="0" name="/home/rrg/Documents/webpoint/matter-surfaces-landing-pages/src/gatsby/htmlSerializer.js" classname="/home/rrg/Documents/webpoint/matter-surfaces-landing-pages/src/gatsby/htmlSerializer" />
</testsuite>
<testsuite package="org.eslint" time="0" tests="1" errors="0" name="/home/rrg/Documents/webpoint/matter-surfaces-landing-pages/src/pages/index.jsx">
<testcase time="0" name="/home/rrg/Documents/webpoint/matter-surfaces-landing-pages/src/pages/index.jsx" classname="/home/rrg/Documents/webpoint/matter-surfaces-landing-pages/src/pages/index" />
</testsuite>
<testsuite package="org.eslint" time="0" tests="1" errors="0" name="/home/rrg/Documents/webpoint/matter-surfaces-landing-pages/src/slices/BodyText.jsx">
<testcase time="0" name="/home/rrg/Documents/webpoint/matter-surfaces-landing-pages/src/slices/BodyText.jsx" classname="/home/rrg/Documents/webpoint/matter-surfaces-landing-pages/src/slices/BodyText" />
</testsuite>
<testsuite package="org.eslint" time="0" tests="1" errors="0" name="/home/rrg/Documents/webpoint/matter-surfaces-landing-pages/src/slices/CodeBlock.jsx">
<testcase time="0" name="/home/rrg/Documents/webpoint/matter-surfaces-landing-pages/src/slices/CodeBlock.jsx" classname="/home/rrg/Documents/webpoint/matter-surfaces-landing-pages/src/slices/CodeBlock" />
</testsuite>
<testsuite package="org.eslint" time="0" tests="1" errors="0" name="/home/rrg/Documents/webpoint/matter-surfaces-landing-pages/src/slices/Image.jsx">
<testcase time="0" name="/home/rrg/Documents/webpoint/matter-surfaces-landing-pages/src/slices/Image.jsx" classname="/home/rrg/Documents/webpoint/matter-surfaces-landing-pages/src/slices/Image" />
</testsuite>
<testsuite package="org.eslint" time="0" tests="1" errors="0" name="/home/rrg/Documents/webpoint/matter-surfaces-landing-pages/src/slices/Quote.jsx">
<testcase time="0" name="/home/rrg/Documents/webpoint/matter-surfaces-landing-pages/src/slices/Quote.jsx" classname="/home/rrg/Documents/webpoint/matter-surfaces-landing-pages/src/slices/Quote" />
</testsuite>
<testsuite package="org.eslint" time="0" tests="1" errors="0" name="/home/rrg/Documents/webpoint/matter-surfaces-landing-pages/src/slices/index.js">
<testcase time="0" name="/home/rrg/Documents/webpoint/matter-surfaces-landing-pages/src/slices/index.js" classname="/home/rrg/Documents/webpoint/matter-surfaces-landing-pages/src/slices/index" />
</testsuite>
<testsuite package="org.eslint" time="0" tests="1" errors="0" name="/home/rrg/Documents/webpoint/matter-surfaces-landing-pages/src/styles/index.js">
<testcase time="0" name="/home/rrg/Documents/webpoint/matter-surfaces-landing-pages/src/styles/index.js" classname="/home/rrg/Documents/webpoint/matter-surfaces-landing-pages/src/styles/index" />
</testsuite>
<testsuite package="org.eslint" time="0" tests="1" errors="0" name="/home/rrg/Documents/webpoint/matter-surfaces-landing-pages/src/styles/prism.js">
<testcase time="0" name="/home/rrg/Documents/webpoint/matter-surfaces-landing-pages/src/styles/prism.js" classname="/home/rrg/Documents/webpoint/matter-surfaces-landing-pages/src/styles/prism" />
</testsuite>
<testsuite package="org.eslint" time="0" tests="1" errors="0" name="/home/rrg/Documents/webpoint/matter-surfaces-landing-pages/src/styles/reset.js">
<testcase time="0" name="/home/rrg/Documents/webpoint/matter-surfaces-landing-pages/src/styles/reset.js" classname="/home/rrg/Documents/webpoint/matter-surfaces-landing-pages/src/styles/reset" />
</testsuite>
<testsuite package="org.eslint" time="0" tests="1" errors="0" name="/home/rrg/Documents/webpoint/matter-surfaces-landing-pages/src/styles/theme.js">
<testcase time="0" name="/home/rrg/Documents/webpoint/matter-surfaces-landing-pages/src/styles/theme.js" classname="/home/rrg/Documents/webpoint/matter-surfaces-landing-pages/src/styles/theme" />
</testsuite>
<testsuite package="org.eslint" time="0" tests="1" errors="0" name="/home/rrg/Documents/webpoint/matter-surfaces-landing-pages/src/templates/category.jsx">
<testcase time="0" name="/home/rrg/Documents/webpoint/matter-surfaces-landing-pages/src/templates/category.jsx" classname="/home/rrg/Documents/webpoint/matter-surfaces-landing-pages/src/templates/category" />
</testsuite>
<testsuite package="org.eslint" time="0" tests="1" errors="1" name="/home/rrg/Documents/webpoint/matter-surfaces-landing-pages/src/templates/post.jsx">
<testcase time="0" name="org.eslint.import/no-unresolved" classname="/home/rrg/Documents/webpoint/matter-surfaces-landing-pages/src/templates/post"><failure message="Unable to resolve path to module &apos;../components/Listing/Categories&apos;."><![CDATA[line 6, col 24, Error - Unable to resolve path to module &apos;../components/Listing/Categories&apos;. (import/no-unresolved)]]></failure></testcase>
</testsuite>
</testsuites>
